<?xml version="1.0" encoding="UTF-8"?>
<!-- Generated by org.testng.reporters.JUnitXMLReporter -->
<testsuite ignored="5" hostname="AppleA1278s-MacBook-Pro.local" failures="0" tests="5" name="6" time="250.102" errors="0" timestamp="2021-03-10T19:03:03 IST">
  <testcase classname="RealFullCode.Appiumcode" name="AddDelete" time="12.897"/>
  <testcase classname="RealFullCode.Appiumcode" name="Site" time="32.677"/>
  <testcase classname="RealFullCode.Appiumcode" name="download" time="161.902"/>
  <testcase classname="RealFullCode.Appiumcode" name="drag" time="13.01"/>
  <testcase classname="RealFullCode.Appiumcode" name="dropdown" time="7.626"/>
  <testcase classname="RealFullCode.Appiumcode" name="Lambda" time="0.0">
    <ignored/>
  </testcase> <!-- Lambda -->
  <testcase classname="RealFullCode.Appiumcode" name="Againsite" time="0.0">
    <ignored/>
  </testcase> <!-- Againsite -->
  <testcase classname="RealFullCode.Appiumcode" name="Tunnel" time="0.0">
    <ignored/>
  </testcase> <!-- Tunnel -->
  <testcase classname="RealFullCode.Appiumcode" name="upload" time="0.0">
    <ignored/>
  </testcase> <!-- upload -->
  <testcase classname="RealFullCode.Appiumcode" name="maxi" time="0.0">
    <ignored/>
  </testcase> <!-- maxi -->
</testsuite> <!-- 6 -->
