<?xml version="1.0" encoding="UTF-8"?>
<!-- Generated by org.testng.reporters.JUnitXMLReporter -->
<testsuite ignored="2" hostname="AppleA1278s-MBP" failures="0" tests="8" name="Test1" time="218.435" errors="0" timestamp="2021-01-13T20:53:11 IST">
  <testcase classname="RealFullCode.Real1" name="Alert" time="23.572"/>
  <testcase classname="RealFullCode.Real1" name="CheckRadio" time="25.489"/>
  <testcase classname="RealFullCode.Real1" name="Drag" time="17.07"/>
  <testcase classname="RealFullCode.Real1" name="LinkText" time="10.679"/>
  <testcase classname="RealFullCode.Real1" name="UTC" time="3.603"/>
  <testcase classname="RealFullCode.Real1" name="Webtable" time="8.996"/>
  <testcase classname="RealFullCode.Real1" name="datepicker" time="18.759"/>
  <testcase classname="RealFullCode.Real1" name="testScript" time="75.093"/>
  <testcase classname="RealFullCode.Real1" name="brokenlink1" time="0.0">
    <ignored/>
  </testcase> <!-- brokenlink1 -->
  <testcase classname="RealFullCode.Real1" name="Upload" time="0.0">
    <ignored/>
  </testcase> <!-- Upload -->
</testsuite> <!-- Test1 -->
