<?xml version="1.0" encoding="UTF-8"?>
<!-- Generated by org.testng.reporters.JUnitXMLReporter -->
<testsuite ignored="0" hostname="AppleA1278s-MacBook-Pro.local" failures="0" tests="5" name="1" time="95.865" errors="0" timestamp="14 Apr 2021 10:18:08 GMT">
  <testcase classname="RealFullCode.Appiumcode" name="AddDelete" time="13.658"/>
  <testcase classname="RealFullCode.Appiumcode" name="Site" time="32.0"/>
  <testcase classname="RealFullCode.Appiumcode" name="drag" time="17.587"/>
  <testcase classname="RealFullCode.Appiumcode" name="dropdown" time="7.794"/>
  <testcase classname="RealFullCode.Appiumcode" name="maxi" time="6.514"/>
</testsuite> <!-- 1 -->
