<?xml version="1.0" encoding="UTF-8"?>
<!-- Generated by org.testng.reporters.JUnitXMLReporter -->
<testsuite ignored="0" hostname="AppleA1278s-MacBook-Pro.local" failures="0" tests="5" name="2" time="90.54" errors="0" timestamp="14 Apr 2021 10:18:07 GMT">
  <testcase classname="RealFullCode.Appiumcode" name="AddDelete" time="12.767"/>
  <testcase classname="RealFullCode.Appiumcode" name="Site" time="31.236"/>
  <testcase classname="RealFullCode.Appiumcode" name="drag" time="19.065"/>
  <testcase classname="RealFullCode.Appiumcode" name="dropdown" time="7.365"/>
  <testcase classname="RealFullCode.Appiumcode" name="maxi" time="6.475"/>
</testsuite> <!-- 2 -->
